app/build/outputs/mapping/release/seeds.txt
miui.statusbar.lyric.MainHook
miui.statusbar.lyric.activity.AboutActivity
miui.statusbar.lyric.activity.SettingsActivity
miui.statusbar.lyric.MainHook: void handleLoadPackage(de.robv.android.xposed.callbacks.XC_LoadPackage$LoadPackageParam)
miui.statusbar.lyric.activity.SettingsActivity: SettingsActivity()
miui.statusbar.lyric.activity.AboutActivity: AboutActivity()
...
io.reactivex.internal.operators.flowable.FlowableIntervalRange$IntervalRangeSubscriber: java.util.concurrent.atomic.AtomicReference resource
io.reactivex.internal.operators.flowable.FlowableFlatMapSingle$FlatMapSingleSubscriber$InnerObserver: io.reactivex.internal.operators.flowable.FlowableFlatMapSingle$FlatMapSingleSubscriber this$0
io.reactivex.internal.operators.maybe.MaybeUnsubscribeOn$UnsubscribeOnMaybeObserver: io.reactivex.disposables.Disposable ds
io.reactivex.internal.schedulers.AbstractDirectTask: java.util.concurrent.FutureTask DISPOSED
io.reactivex.internal.operators.observable.ObservableReplay$ReplayObserver: java.util.concurrent.atomic.AtomicBoolean shouldConnect
io.reactivex.internal.operators.observable.ObservableTimeout$TimeoutObserver: io.reactivex.internal.disposables.SequentialDisposable task
io.reactivex.internal.operators.maybe.MaybeConcatIterable$ConcatMaybeObserver: io.reactivex.internal.disposables.SequentialDisposable disposables
io.reactivex.internal.operators.maybe.MaybeOnErrorNext$OnErrorNextMaybeObserver: io.reactivex.functions.Function resumeFunction
io.reactivex.internal.operators.observable.ObservableJoin$JoinDisposable: int rightIndex
io.reactivex.internal.operators.completable.CompletableUsing$UsingObserver: io.reactivex.CompletableObserver downstream
io.reactivex.internal.operators.flowable.FlowableTakeLastOne$TakeLastOneSubscriber: long serialVersionUID
io.reactivex.internal.observers.LambdaObserver: long serialVersionUID
io.reactivex.internal.operators.maybe.MaybeFlatMapIterableFlowable$FlatMapIterableObserver: java.util.Iterator it
io.reactivex.internal.operators.observable.ObservableThrottleLatest$ThrottleLatestObserver: io.reactivex.disposables.Disposable upstream
io.reactivex.internal.operators.flowable.FlowableRetryWhen$RetryWhenSubscriber: long serialVersionUID
io.reactivex.internal.operators.observable.ObservableGroupBy$State: long serialVersionUID
io.reactivex.internal.operators.observable.ObservableWindowBoundarySupplier$WindowBoundaryMainObserver: io.reactivex.internal.util.AtomicThrowable errors
io.reactivex.internal.operators.flowable.FlowableWindow$WindowExactSubscriber: io.reactivex.processors.UnicastProcessor window
io.reactivex.internal.operators.flowable.FlowableScanSeed$ScanSeedSubscriber: boolean done
io.reactivex.internal.schedulers.ScheduledRunnable: java.lang.Object DONE
io.reactivex.internal.operators.maybe.MaybeDelayOtherPublisher$OtherSubscriber: io.reactivex.MaybeObserver downstream
io.reactivex.internal.operators.observable.ObservableGroupBy$State: java.util.concurrent.atomic.AtomicReference actual
io.reactivex.internal.operators.single.SingleUsing$UsingSingleObserver: boolean eager
io.reactivex.internal.operators.flowable.FlowableFlatMapMaybe$FlatMapMaybeSubscriber: long serialVersionUID
io.reactivex.internal.util.NotificationLite: io.reactivex.internal.util.NotificationLite COMPLETE
io.reactivex.internal.operators.parallel.ParallelFromPublisher$ParallelDispatcher: io.reactivex.internal.fuseable.SimpleQueue queue
io.reactivex.internal.schedulers.SchedulerWhen$DelayedAction: java.util.concurrent.TimeUnit unit
io.reactivex.internal.observers.ConsumerSingleObserver: long serialVersionUID
io.reactivex.internal.operators.flowable.FlowableFlatMapSingle$FlatMapSingleSubscriber: boolean delayErrors
io.reactivex.internal.operators.observable.ObservableTimeoutTimed$TimeoutFallbackObserver: java.util.concurrent.atomic.AtomicLong index
io.reactivex.internal.operators.observable.ObservableFlatMap$MergeObserver: long serialVersionUID
io.reactivex.internal.operators.mixed.ObservableSwitchMapSingle$SwitchMapSingleMainObserver: io.reactivex.internal.operators.mixed.ObservableSwitchMapSingle$SwitchMapSingleMainObserver$SwitchMapSingleObserver INNER_DISPOSED
io.reactivex.internal.operators.mixed.FlowableConcatMapSingle$ConcatMapSingleSubscriber: io.reactivex.functions.Function mapper