app/build/outputs/mapping/release/mapping.txt
# compiler: R8
# compiler_version: 2.2.71
# min_api: 28
# pg_map_id: e197d54
# common_typos_disable
miui.statusbar.lyric.-$$Lambda$MainHook$2$2iZFaygv2TnrYyT0o48hx7P4lnM -> d.a.a.a:
# {"id":"sourceFile","fileName":"lambda"}
    android.widget.TextView f$0 -> a
    1:1:boolean miui.statusbar.lyric.MainHook$2.lambda$afterHookedMethod$2(android.widget.TextView,android.os.Message):0:0 -> handleMessage
    1:1:boolean handleMessage(android.os.Message):0 -> handleMessage
miui.statusbar.lyric.-$$Lambda$MainHook$2$SySaFTCLb2mIq-4vJC80MEiA3Sc -> d.a.a.b:
# {"id":"sourceFile","fileName":"lambda"}
    android.widget.TextView f$1 -> b
    miui.statusbar.lyric.AutoMarqueeTextView f$2 -> c
    android.widget.TextView f$3 -> d
    miui.statusbar.lyric.MainHook$2 f$0 -> a
    1:1:void miui.statusbar.lyric.MainHook$2.lambda$afterHookedMethod$1$MainHook$2(android.widget.TextView,miui.statusbar.lyric.AutoMarqueeTextView,android.widget.TextView,android.view.View):0:0 -> onClick
    1:1:void onClick(android.view.View):0 -> onClick
    2:2:void miui.statusbar.lyric.MainHook$2.lambda$afterHookedMethod$1(android.widget.TextView,miui.statusbar.lyric.AutoMarqueeTextView,android.widget.TextView,android.view.View):0:0 -> onClick
    2:2:void miui.statusbar.lyric.MainHook$2.lambda$afterHookedMethod$1$MainHook$2(android.widget.TextView,miui.statusbar.lyric.AutoMarqueeTextView,android.widget.TextView,android.view.View):0 -> onClick
    2:2:void onClick(android.view.View):0 -> onClick
    3:3:boolean miui.statusbar.lyric.MainHook.access$302(miui.statusbar.lyric.MainHook,boolean):0:0 -> onClick
    3:3:void miui.statusbar.lyric.MainHook$2.lambda$afterHookedMethod$1(android.widget.TextView,miui.statusbar.lyric.AutoMarqueeTextView,android.widget.TextView,android.view.View):0 -> onClick
miui.statusbar.lyric.-$$Lambda$MainHook$2$gzjZD2UX5UxXcJ2DwDzw6neVKRc -> d.a.a.c:
# {"id":"sourceFile","fileName":"lambda"}
    android.app.Application f$2 -> c
    miui.statusbar.lyric.AutoMarqueeTextView f$1 -> b
    android.widget.TextView f$4 -> e
    android.widget.TextView f$5 -> f
    int f$3 -> d
    miui.statusbar.lyric.MainHook$2 f$0 -> a
    1:1:boolean miui.statusbar.lyric.MainHook$2.lambda$afterHookedMethod$3$MainHook$2(miui.statusbar.lyric.AutoMarqueeTextView,android.app.Application,int,android.widget.TextView,android.widget.TextView,android.os.Message):0:0 -> handleMessage
    1:1:boolean handleMessage(android.os.Message):0 -> handleMessage
    2:2:void miui.statusbar.lyric.Config.<init>():0:0 -> handleMessage
    2:2:boolean miui.statusbar.lyric.MainHook$2.lambda$afterHookedMethod$3(miui.statusbar.lyric.AutoMarqueeTextView,android.app.Application,int,android.widget.TextView,android.widget.TextView,android.os.Message):0 -> handleMessage
    2:2:boolean miui.statusbar.lyric.MainHook$2.lambda$afterHookedMethod$3$MainHook$2(miui.statusbar.lyric.AutoMarqueeTextView,android.app.Application,int,android.widget.TextView,android.widget.TextView,android.os.Message):0 -> handleMessage
    2:2:boolean handleMessage(android.os.Message):0 -> handleMessage
...
io.reactivex.internal.disposables.DisposableHelper -> io.reactivex.internal.disposables.DisposableHelper:
    1:1:java.lang.Object io.reactivex.internal.functions.ObjectHelper.requireNonNull(java.lang.Object,java.lang.String):0:0 -> setOnce
    1:1:boolean setOnce(java.util.concurrent.atomic.AtomicReference,io.reactivex.disposables.Disposable):0 -> setOnce
    2:2:boolean setOnce(java.util.concurrent.atomic.AtomicReference,io.reactivex.disposables.Disposable):0:0 -> setOnce
io.reactivex.internal.functions.Functions -> io.reactivex.internal.functions.Functions:
    io.reactivex.functions.Consumer ON_ERROR_MISSING -> b
    java.lang.Runnable EMPTY_RUNNABLE -> a
io.reactivex.internal.functions.Functions$EmptyRunnable -> io.reactivex.internal.functions.Functions$a:
io.reactivex.internal.functions.Functions$OnErrorMissingConsumer -> io.reactivex.internal.functions.Functions$b:
    1:1:void accept(java.lang.Throwable):0:0 -> accept
    1:1:void accept(java.lang.Object):0 -> accept
io.reactivex.internal.functions.ObjectHelper -> c.a.w.b.a:
    boolean equals(java.lang.Object,java.lang.Object) -> a
    int verifyPositive(int,java.lang.String) -> b
io.reactivex.internal.functions.ObjectHelper$BiObjectPredicate -> c.a.w.b.a$a:
io.reactivex.internal.fuseable.ConditionalSubscriber -> c.a.w.c.a:
io.reactivex.internal.fuseable.QueueDisposable -> c.a.w.c.b:
io.reactivex.internal.fuseable.QueueFuseable -> c.a.w.c.c:
io.reactivex.internal.fuseable.QueueSubscription -> c.a.w.c.d:
io.reactivex.internal.fuseable.SimplePlainQueue -> c.a.w.c.e:
io.reactivex.internal.fuseable.SimpleQueue -> c.a.w.c.f:
io.reactivex.internal.observers.InnerQueuedObserver -> io.reactivex.internal.observers.InnerQueuedObserver:
    1:1:io.reactivex.internal.fuseable.SimpleQueue io.reactivex.internal.util.QueueDrainHelper.createQueue(int):0:0 -> onSubscribe
    1:1:void onSubscribe(io.reactivex.disposables.Disposable):0 -> onSubscribe
    2:2:void onSubscribe(io.reactivex.disposables.Disposable):0:0 -> onSubscribe
io.reactivex.internal.observers.InnerQueuedObserverSupport -> c.a.w.d.a:
io.reactivex.internal.observers.ResumeSingleObserver -> c.a.w.d.b:
    io.reactivex.SingleObserver downstream -> b
    java.util.concurrent.atomic.AtomicReference parent -> a
io.reactivex.internal.operators.completable.CompletableAndThenCompletable$NextObserver -> c.a.w.e.a.a:
    io.reactivex.CompletableObserver downstream -> b
    java.util.concurrent.atomic.AtomicReference parent -> a
io.reactivex.internal.operators.completable.CompletableConcat$CompletableConcatSubscriber -> io.reactivex.internal.operators.completable.CompletableConcat$CompletableConcatSubscriber:
    1:1:int io.reactivex.Flowable.bufferSize():0:0 -> onSubscribe
    1:1:void onSubscribe(org.reactivestreams.Subscription):0 -> onSubscribe
    2:2:void onSubscribe(org.reactivestreams.Subscription):0:0 -> onSubscribe
io.reactivex.internal.operators.completable.CompletableConcatIterable$ConcatInnerObserver -> io.reactivex.internal.operators.completable.CompletableConcatIterable$ConcatInnerObserver:
    1:1:java.lang.Object io.reactivex.internal.functions.ObjectHelper.requireNonNull(java.lang.Object,java.lang.String):0:0 -> next
    1:1:void next():0 -> next
    2:2:void next():0:0 -> next
io.reactivex.internal.operators.completable.CompletableMerge$CompletableMergeSubscriber -> io.reactivex.internal.operators.completable.CompletableMerge$CompletableMergeSubscriber:
    1:1:boolean io.reactivex.disposables.CompositeDisposable.isDisposed():0:0 -> isDisposed
    1:1:boolean isDisposed():0 -> isDisposed
io.reactivex.internal.operators.completable.CompletableResumeNext$ResumeNextObserver -> io.reactivex.internal.operators.completable.CompletableResumeNext$ResumeNextObserver:
    1:1:java.lang.Object io.reactivex.internal.functions.ObjectHelper.requireNonNull(java.lang.Object,java.lang.String):0:0 -> onError
    1:1:void onError(java.lang.Throwable):0 -> onError
    2:2:void onError(java.lang.Throwable):0:0 -> onError