app/build/outputs/mapping/release/usage.txt
miui.statusbar.lyric.AutoMarqueeTextView:
    public void <init>(android.content.Context,android.util.AttributeSet)
    public void <init>(android.content.Context,android.util.AttributeSet,int)
miui.statusbar.lyric.BuildConfig
miui.statusbar.lyric.ColorUtils:
    private void <init>()
    public static double distanceEuclidean(double[],double[])
miui.statusbar.lyric.MainHook:
    private static final java.lang.String KEY_LYRIC
miui.statusbar.lyric.R$array
miui.statusbar.lyric.R$color
miui.statusbar.lyric.R$drawable
miui.statusbar.lyric.R$layout
miui.statusbar.lyric.R$mipmap
miui.statusbar.lyric.R$string
miui.statusbar.lyric.R$style
miui.statusbar.lyric.R$xml
miui.statusbar.lyric.R
miui.statusbar.lyric.Utils:
    public void <init>()
    public static int dp2px(android.content.Context,float)
    public static java.lang.String getCurrentProcessName(android.content.Context)
    private static boolean shouldShowRequestPermissionRationale(android.app.Activity)
    public static boolean useList(java.lang.String[],java.lang.String)
miui.statusbar.lyric.hook.netease:
    private static final java.lang.String PACKAGE_NAME
    public void <init>()
miui.statusbar.lyric.ColorUtils:
    public static void RGBToXYZ(int,int,int,double[])
    public static double calculateLuminance(int)
    public static void colorToXYZ(int,double[])
    public static double[] getTempDouble3Array()
miui.statusbar.lyric.Config:
    public java.lang.Boolean getDebug()
    public java.lang.Boolean getHideCUK()
    public java.lang.Boolean getHideLauncherIcon()
    public java.lang.Boolean getHideNetSpeed()
    public java.lang.Boolean getHideNoticeIcon()
    public boolean getIcon()
    public java.lang.Boolean getIconAutoColor()
    public java.lang.Boolean getLyricAutoOff()
    public java.lang.Boolean getLyricService()
    public void setDebug(java.lang.Boolean)
    public void setHideCUK(java.lang.Boolean)
    public void setHideLauncherIcon(java.lang.Boolean)
    public void setHideNetSpeed(java.lang.Boolean)
    public void setHideNoticeIcon(java.lang.Boolean)
    public void setIcon(java.lang.Boolean)
    public void setIconAutoColor(java.lang.Boolean)
    public void setLyricAutoOff(java.lang.Boolean)
    public void setLyricService(java.lang.Boolean)
    public void setLyricSwitch(java.lang.Boolean)
miui.statusbar.lyric.MainHook$2:
    private synthetic void lambda$afterHookedMethod$0(android.widget.TextView,android.widget.TextView,miui.statusbar.lyric.AutoMarqueeTextView,android.view.View)
    public synthetic void lambda$afterHookedMethod$0$MainHook$2(android.widget.TextView,android.widget.TextView,miui.statusbar.lyric.AutoMarqueeTextView,android.view.View)
    private synthetic void lambda$afterHookedMethod$1(android.widget.TextView,miui.statusbar.lyric.AutoMarqueeTextView,android.widget.TextView,android.view.View)
    public synthetic void lambda$afterHookedMethod$1$MainHook$2(android.widget.TextView,miui.statusbar.lyric.AutoMarqueeTextView,android.widget.TextView,android.view.View)
    public static synthetic boolean lambda$afterHookedMethod$2(android.widget.TextView,android.os.Message)
    private boolean lambda$afterHookedMethod$3(miui.statusbar.lyric.AutoMarqueeTextView,android.app.Application,int,android.widget.TextView,android.widget.TextView,android.os.Message)
    public boolean lambda$afterHookedMethod$3$MainHook$2(miui.statusbar.lyric.AutoMarqueeTextView,android.app.Application,int,android.widget.TextView,android.widget.TextView,android.os.Message)
miui.statusbar.lyric.MainHook$3:
    public final synthetic miui.statusbar.lyric.MainHook this$0
miui.statusbar.lyric.MainHook$5:
    public final synthetic miui.statusbar.lyric.MainHook this$0
miui.statusbar.lyric.MainHook$6:
    public final java.lang.Object replaceHookedMethod()
miui.statusbar.lyric.MainHook$8:
    public final synthetic miui.statusbar.lyric.MainHook this$0
...
io.reactivex.internal.operators.single.SingleDetach
io.reactivex.internal.operators.single.SingleDoAfterSuccess$DoAfterObserver
io.reactivex.internal.operators.single.SingleDoAfterSuccess
io.reactivex.internal.operators.single.SingleDoAfterTerminate$DoAfterTerminateObserver
io.reactivex.internal.operators.single.SingleDoAfterTerminate
io.reactivex.internal.operators.single.SingleDoFinally
io.reactivex.internal.operators.single.SingleDoOnDispose
io.reactivex.internal.operators.single.SingleDoOnError$DoOnError
io.reactivex.internal.operators.single.SingleDoOnError
io.reactivex.internal.operators.single.SingleDoOnEvent$DoOnEvent
io.reactivex.internal.operators.single.SingleDoOnEvent
io.reactivex.internal.operators.single.SingleDoOnSubscribe$DoOnSubscribeSingleObserver
io.reactivex.internal.operators.single.SingleDoOnSubscribe
io.reactivex.internal.operators.single.SingleDoOnSuccess$DoOnSuccess
io.reactivex.internal.operators.single.SingleDoOnSuccess
io.reactivex.internal.operators.single.SingleEquals$InnerObserver
io.reactivex.internal.operators.single.SingleEquals
io.reactivex.internal.operators.single.SingleError
io.reactivex.internal.operators.single.SingleFlatMap
io.reactivex.internal.operators.single.SingleFlatMapCompletable
io.reactivex.internal.operators.single.SingleFlatMapIterableFlowable
io.reactivex.internal.operators.single.SingleFlatMapIterableObservable
io.reactivex.internal.operators.single.SingleFlatMapMaybe
io.reactivex.internal.operators.single.SingleFlatMapPublisher
io.reactivex.internal.operators.single.SingleFromCallable
io.reactivex.internal.operators.single.SingleFromPublisher$ToSingleObserver
io.reactivex.internal.operators.single.SingleFromPublisher
io.reactivex.internal.operators.single.SingleFromUnsafeSource
io.reactivex.internal.operators.single.SingleHide$HideSingleObserver
io.reactivex.internal.operators.single.SingleHide
io.reactivex.internal.operators.single.SingleInternalHelper$ToFlowableIterable
io.reactivex.internal.operators.single.SingleInternalHelper$ToFlowableIterator
io.reactivex.internal.operators.single.SingleInternalHelper
io.reactivex.internal.operators.single.SingleJust
io.reactivex.internal.operators.single.SingleLift
io.reactivex.internal.operators.single.SingleMap$MapSingleObserver
io.reactivex.internal.operators.single.SingleMap
io.reactivex.internal.operators.single.SingleMaterialize
io.reactivex.internal.operators.single.SingleNever
io.reactivex.internal.operators.single.SingleObserveOn
io.reactivex.internal.operators.single.SingleOnErrorReturn$OnErrorReturn
io.reactivex.internal.operators.single.SingleOnErrorReturn
io.reactivex.internal.operators.single.SingleResumeNext
io.reactivex.internal.operators.single.SingleSubscribeOn
io.reactivex.internal.operators.single.SingleTakeUntil
io.reactivex.internal.operators.single.SingleTimeout
io.reactivex.internal.operators.single.SingleTimer
io.reactivex.internal.operators.single.SingleUnsubscribeOn
io.reactivex.internal.operators.single.SingleUsing
io.reactivex.internal.operators.single.SingleZipArray$SingletonArrayFunc
io.reactivex.internal.operators.single.SingleZipArray
io.reactivex.internal.operators.single.SingleZipIterable$SingletonArrayFunc
io.reactivex.internal.operators.single.SingleZipIterable
io.reactivex.internal.queue.MpscLinkedQueue:
    public boolean offer(java.lang.Object,java.lang.Object)
io.reactivex.internal.schedulers.ComputationScheduler$EventLoopWorker
io.reactivex.internal.schedulers.ComputationScheduler$FixedSchedulerPool
io.reactivex.internal.schedulers.ComputationScheduler$PoolWorker
io.reactivex.internal.schedulers.ComputationScheduler
io.reactivex.internal.schedulers.DisposeOnCancel
io.reactivex.internal.schedulers.ExecutorScheduler$DelayedDispose
io.reactivex.internal.schedulers.ExecutorScheduler$ExecutorWorker$SequentialDispose
io.reactivex.internal.schedulers.ExecutorScheduler$ExecutorWorker
io.reactivex.internal.schedulers.ExecutorScheduler